<?xml version="1.0" encoding="UTF-8"?>
<!-- Generated by org.testng.reporters.JUnitReportReporter -->
<testsuite hostname="WFQH2XPSQ2" failures="0" tests="1" name="com.demo.testScripts.AccountCreationPageTest" time="24.847" errors="0" timestamp="2022-04-08T21:02:33 IST" skipped="0">
  <testcase classname="com.demo.testScripts.AccountCreationPageTest" name="verifyEmailAccount" time="24.847"/>
  <system-out/>
</testsuite> <!-- com.demo.testScripts.AccountCreationPageTest -->
